[INFO ] 2022-05-01 23:52:58.846 [main] Driver - This is a user creating a transaction
[INFO ] 2022-05-01 23:56:38.428 [main] Driver - This is a user creating a transaction
[INFO ] 2022-05-01 23:56:51.164 [main] Driver - This is a user creating a transaction
[INFO ] 2022-05-02 00:01:24.310 [main] Driver - This is a user creating a transaction
[INFO ] 2022-05-02 00:01:30.293 [main] Driver - This is a user creating a transaction
[INFO ] 2022-05-02 00:03:30.746 [main] Driver - This is a user creating a deposit
[INFO ] 2022-05-02 00:06:31.655 [main] Driver - This is a user creating a transaction
[INFO ] 2022-05-02 00:07:09.971 [main] Driver - This is a user registering
[INFO ] 2022-05-02 00:09:42.955 [main] Driver - This is a user creating a transaction
[INFO ] 2022-05-02 00:10:16.531 [main] Driver - This is a user creating a joint account
[INFO ] 2022-05-02 01:50:10.388 [main] Driver - This is a user creating a transaction
[INFO ] 2022-05-02 01:50:25.994 [main] Driver - This is a user creating a deposit
[INFO ] 2022-05-02 01:51:33.708 [main] Driver - This is a user registering
[INFO ] 2022-05-02 01:51:48.822 [main] Driver - This is a user creating a withdraw
[INFO ] 2022-05-02 01:52:10.415 [main] Driver - This is a user creating a deposit
[INFO ] 2022-05-02 08:45:58.523 [main] Driver - This is a user creating a transaction
[INFO ] 2022-05-02 08:46:13.744 [main] Driver - This is a user registering
[INFO ] 2022-05-02 09:35:44.086 [main] Driver - This is a user creating a transaction
[INFO ] 2022-05-02 09:36:03.107 [main] Driver - This is a user registering
[INFO ] 2022-05-02 09:38:54.416 [main] Driver - This is a user creating a transaction
[INFO ] 2022-05-02 09:47:45.930 [main] Driver - This is a user creating a transaction
[INFO ] 2022-05-02 10:09:47.534 [main] Driver - This is a user creating a transaction
[INFO ] 2022-05-02 10:21:17.850 [main] Driver - This is a user creating a transaction
[INFO ] 2022-05-02 11:08:03.592 [main] Driver - This is a user registering
[INFO ] 2022-05-02 11:08:53.178 [main] Driver - This is a user creating a deposit
[INFO ] 2022-05-02 11:09:14.883 [main] Driver - This is a user creating a withdraw
[INFO ] 2022-05-02 11:09:28.527 [main] Driver - This is a user creating a previousTransaction
[INFO ] 2022-05-02 11:10:22.656 [main] Driver - This is a user creating a transaction
[INFO ] 2022-05-02 11:10:47.725 [main] Driver - This is a user registering
[INFO ] 2022-05-02 11:11:53.090 [main] Driver - This is a user creating a joint account
[INFO ] 2022-05-02 11:16:02.797 [main] Driver - This is a user creating a transaction
[INFO ] 2022-05-02 11:16:21.309 [main] Driver - This is a user registering
[INFO ] 2022-05-02 11:16:42.879 [main] Driver - This is a user creating a transfer
[INFO ] 2022-05-02 11:17:09.609 [main] Driver - This is a user creating a deposit
[INFO ] 2022-05-02 11:17:33.607 [main] Driver - This is a user creating a joint account
[INFO ] 2022-05-02 11:17:47.343 [main] Driver - This is a user creating a transfer
